<?xml version="1.0" encoding="utf-8" standalone="no"?>
<!--This file represents the results of running a test suite-->
<test-results name="/home/cubanguy/workspaceCsharp/SelSharp/SelSharp/bin/Debug/SelSharp.exe" total="0" errors="0" failures="0" not-run="1" inconclusive="0" ignored="1" skipped="0" invalid="0" date="2013-11-11" time="04:49:23">
  <environment nunit-version="2.6.3.13283" clr-version="2.0.50727.1433" os-version="Unix 3.9.1.64" platform="Unix" cwd="/home/cubanguy/workspaceCsharp/NUnit-2.6.3/bin" machine-name="linux" user="cubanguy" user-domain="linux" />
  <culture-info current-culture="en-US" current-uiculture="en-US" />
  <test-suite type="Assembly" name="/home/cubanguy/workspaceCsharp/SelSharp/SelSharp/bin/Debug/SelSharp.exe" executed="True" result="Inconclusive" success="False" time="0.031" asserts="0">
    <results>
      <test-suite type="Namespace" name="SelSharp" executed="True" result="Inconclusive" success="False" time="0.016" asserts="0">
        <results>
          <test-suite type="TestFixture" name="AccountTest" executed="True" result="Inconclusive" success="False" time="0.015" asserts="0">
            <results>
              <test-case name="SelSharp.AccountTest.TransferWithInsufficientFundsAtomicity" executed="False" result="Ignored">
                <reason>
                  <message><![CDATA[Decide how to implement transaction management]]></message>
                </reason>
              </test-case>
            </results>
          </test-suite>
        </results>
      </test-suite>
    </results>
  </test-suite>
</test-results>