<?xml version="1.0" encoding="utf-8" standalone="no"?>
<!--This file represents the results of running a test suite-->
<test-results name="/home/cubanguy/workspaceCsharp/SelSharp/SelSharp/bin/Debug/SelSharp.exe" total="1" errors="0" failures="0" not-run="0" inconclusive="0" ignored="0" skipped="0" invalid="0" date="2013-11-11" time="04:39:00">
  <environment nunit-version="2.6.3.13283" clr-version="2.0.50727.1433" os-version="Unix 3.9.1.64" platform="Unix" cwd="/home/cubanguy/workspaceCsharp/NUnit-2.6.3/bin" machine-name="linux" user="cubanguy" user-domain="linux" />
  <culture-info current-culture="en-US" current-uiculture="en-US" />
  <test-suite type="Assembly" name="/home/cubanguy/workspaceCsharp/SelSharp/SelSharp/bin/Debug/SelSharp.exe" executed="True" result="Success" success="True" time="0.008" asserts="0">
    <results>
      <test-suite type="Namespace" name="SelSharp" executed="True" result="Success" success="True" time="0.006" asserts="0">
        <results>
          <test-suite type="TestFixture" name="AccountTest" executed="True" result="Success" success="True" time="0.004" asserts="0">
            <results>
              <test-case name="SelSharp.AccountTest.TransferWithInsufficientFunds" executed="True" result="Success" success="True" time="0.000" asserts="0" />
            </results>
          </test-suite>
        </results>
      </test-suite>
    </results>
  </test-suite>
</test-results>